2022-09-19 20:13:36,472 Research.file_reader()
2022-09-19 20:13:36,472 Calculating.counts()
2022-09-19 20:13:36,472 Calculating.fractions()
2022-09-19 20:13:36,472 Analytics.predict_random()
2022-09-19 20:13:36,472 Calculating.counts()
2022-09-19 20:13:36,472 Analytics.save_result()
2022-09-19 20:13:49,162 Research.file_reader()
2022-09-19 20:13:49,162 Calculating.counts()
2022-09-19 20:13:49,162 Calculating.fractions()
2022-09-19 20:13:49,162 Analytics.predict_random()
2022-09-19 20:13:49,162 Calculating.counts()
2022-09-19 20:13:49,163 Analytics.save_result()
2022-09-19 20:26:31,076 Research.file_reader()
2022-09-19 20:26:31,077 Calculating.counts()
2022-09-19 20:26:31,077 Calculating.fractions()
2022-09-19 20:26:31,077 Analytics.predict_random()
2022-09-19 20:26:31,077 Calculating.counts()
2022-09-19 20:26:31,077 Analytics.save_result()
2022-09-19 20:27:46,152 Research.file_reader()
2022-09-19 20:27:46,153 Calculating.counts()
2022-09-19 20:27:46,153 Calculating.fractions()
2022-09-19 20:27:46,153 Analytics.predict_random()
2022-09-19 20:27:46,153 Calculating.counts()
2022-09-19 20:27:46,153 Analytics.save_result()
2022-09-19 20:28:01,065 Research.file_reader()
2022-09-19 20:28:01,065 Calculating.counts()
2022-09-19 20:28:01,065 Calculating.fractions()
2022-09-19 20:28:01,065 Analytics.predict_random()
2022-09-19 20:28:01,065 Calculating.counts()
2022-09-19 20:28:01,065 Analytics.save_result()
2022-09-19 20:28:01,066 telegram_bot_sendtext()
2022-09-19 20:28:01,112 Starting new HTTPS connection (1): api.telegram.org:443
2022-09-19 20:28:01,435 https://api.telegram.org:443 "POST /bot5758739250:AAGymo213uuzWfkRjEt5OxZ2CX1H-jmbO-4/sendMessage?chat_id=401825621&parse_mode=Markdown&text=Report%0AWe%20have%20made%2011%20observations%20from%20tossing%20a%20coin:%206%20of%20them%20were%20tails%20and%205%20of%0Athem%20were%20heads.%20The%20probabilities%20are%2054.55%5C%25%20and%2045.45%5C%25,%20respectively.%20Our%0Aforecast%20is%20that%20in%20the%20next%205%20observations%20we%20will%20have:%201%20tail%20and%204%20heads. HTTP/1.1" 200 581
2022-09-19 20:31:30,530 Research.file_reader()
2022-09-19 20:31:30,530 Calculating.counts()
2022-09-19 20:31:30,530 Calculating.fractions()
2022-09-19 20:31:30,530 Analytics.predict_random()
2022-09-19 20:31:30,531 Calculating.counts()
2022-09-19 20:31:30,531 Analytics.save_result()
2022-09-19 20:31:30,531 telegram_bot_sendtext()
2022-09-19 20:31:30,577 Starting new HTTPS connection (1): api.telegram.org:443
2022-09-19 20:31:30,755 https://api.telegram.org:443 "POST /bot%20%20/sendMessage?chat_id=401825621&parse_mode=Markdown&text=The%20report%20has%20been%20successfully%20created HTTP/1.1" 404 55
2022-09-19 20:32:06,026 Research.file_reader()
2022-09-19 20:32:06,027 Calculating.counts()
2022-09-19 20:32:06,027 Calculating.fractions()
2022-09-19 20:32:06,027 Analytics.predict_random()
2022-09-19 20:32:06,027 Calculating.counts()
2022-09-19 20:32:06,027 Analytics.save_result()
2022-09-19 20:32:06,027 telegram_bot_sendtext()
2022-09-19 20:32:06,035 Starting new HTTPS connection (1): api.telegram.org:443
2022-09-19 20:32:06,204 https://api.telegram.org:443 "POST /bot%20%20/sendMessage?chat_id=401825621&parse_mode=Markdown&text=The%20report%20has%20been%20successfully%20created HTTP/1.1" 404 55
2022-09-19 20:35:05,749 Research.file_reader()
2022-09-19 20:35:05,749 Calculating.counts()
2022-09-19 20:35:05,749 Calculating.fractions()
2022-09-19 20:35:05,749 Analytics.predict_random()
2022-09-19 20:35:05,749 Calculating.counts()
2022-09-19 20:35:05,749 Analytics.save_result()
2022-09-19 20:35:05,750 telegram_bot_sendtext()
2022-09-19 20:35:05,789 Starting new HTTPS connection (1): api.telegram.org:443
2022-09-19 20:35:06,067 https://api.telegram.org:443 "POST /bot5758739250:AAGymo213uuzWfkRjEt5OxZ2CX1H-jmbO-4/sendMessage?chat_id=401825621&parse_mode=Markdown&text=The%20report%20has%20been%20successfully%20created HTTP/1.1" 200 374
2022-09-19 20:35:34,173 Research.file_reader()
2022-09-19 20:35:34,173 telegram_bot_sendtext()
2022-09-19 20:35:34,181 Starting new HTTPS connection (1): api.telegram.org:443
2022-09-19 20:35:34,409 https://api.telegram.org:443 "POST /bot5758739250:AAGymo213uuzWfkRjEt5OxZ2CX1H-jmbO-4/sendMessage?chat_id=401825621&parse_mode=Markdown&text=The%20report%20hasn%E2%80%99t%20been%20created%20due%20to%20an%20error HTTP/1.1" 200 385
2022-09-19 20:36:03,521 Research.file_reader()
2022-09-19 20:36:03,521 Calculating.counts()
2022-09-19 20:36:03,521 Calculating.fractions()
2022-09-19 20:36:03,521 Analytics.predict_random()
2022-09-19 20:36:03,521 Calculating.counts()
2022-09-19 20:36:03,521 Analytics.save_result()
2022-09-19 20:36:03,521 telegram_bot_sendtext()
2022-09-19 20:36:03,562 Starting new HTTPS connection (1): api.telegram.org:443
2022-09-19 20:36:03,854 https://api.telegram.org:443 "POST /bot5758739250:AAGymo213uuzWfkRjEt5OxZ2CX1H-jmbO-4/sendMessage?chat_id=401825621&parse_mode=Markdown&text=The%20report%20has%20been%20successfully%20created HTTP/1.1" 200 374
2022-09-19 20:48:52,733 Research.file_reader()
2022-09-19 20:48:52,734 Calculating.counts()
2022-09-19 20:48:52,734 Calculating.fractions()
2022-09-19 20:48:52,734 Analytics.predict_random()
2022-09-19 20:48:52,734 Calculating.counts()
2022-09-19 20:48:52,734 Analytics.save_result()
2022-09-19 20:48:52,734 telegram_bot_sendtext()
2022-09-19 20:48:52,746 Starting new HTTPS connection (1): api.telegram.org:443
2022-09-19 20:48:52,973 https://api.telegram.org:443 "POST /bot5758739250:AAGymo213uuzWfkRjEt5OxZ2CX1H-jmbO-4/sendMessage?chat_id=401825621&parse_mode=Markdown&text=The%20report%20has%20been%20successfully%20created HTTP/1.1" 200 374
